Arguments: 
  /usr/local/bin/node /Users/geckodesigns/.yarn/bin/yarn.js dev

PATH: 
  /Users/geckodesigns/.rvm/gems/ruby-2.4.2/bin:/Users/geckodesigns/.rvm/gems/ruby-2.4.2@global/bin:/Users/geckodesigns/.rvm/rubies/ruby-2.4.2/bin:/Users/geckodesigns/.yarn/bin:/Users/geckodesigns/.config/yarn/global/node_modules/.bin:/Users/geckodesigns/.cargo/bin:/usr/local/bin:/usr/bin:/bin:/usr/sbin:/sbin:/Applications/AMPPS/mysql/bin:/usr/local/bin/wp:/Applications/AMPPS/php/bin:/Users/geckodesigns/.rvm/bin

Yarn version: 
  1.5.1

Node version: 
  8.12.0

Platform: 
  darwin x64

npm manifest: 
  {
    "name": "empty-project-template",
    "main": "node_modules/expo/AppEntry.js",
    "private": true,
    "scripts": {
      "start": "expo start",
      "android": "expo start --android",
      "ios": "expo start --ios",
      "eject": "expo eject"
    },
    "dependencies": {
      "axios": "^0.18.0",
      "expo": "^30.0.1",
      "react": "16.3.1",
      "react-native": "https://github.com/expo/react-native/archive/sdk-30.0.0.tar.gz",
      "react-native-offline": "^3.14.0",
      "react-redux": "^5.0.7",
      "redux": "^4.0.0",
      "redux-axios-middleware": "^4.0.0",
      "redux-logger": "^3.0.6",
      "redux-persist": "^5.10.0",
      "redux-saga": "^0.16.2",
      "redux-thunk": "^2.3.0"
    },
    "devDependencies": {
      "babel-plugin-transform-decorators-legacy": "^1.3.5"
    }
  }

yarn manifest: 
  No manifest

Lockfile: 
  No lockfile

Trace: 
  Error: Command "dev" not found.
      at new MessageError (/Users/geckodesigns/.yarn/lib/cli.js:186:110)
      at /Users/geckodesigns/.yarn/lib/cli.js:87307:17
      at Generator.next (<anonymous>)
      at step (/Users/geckodesigns/.yarn/lib/cli.js:98:30)
      at /Users/geckodesigns/.yarn/lib/cli.js:116:14
      at new Promise (<anonymous>)
      at new F (/Users/geckodesigns/.yarn/lib/cli.js:23451:28)
      at /Users/geckodesigns/.yarn/lib/cli.js:95:12
      at runCommand (/Users/geckodesigns/.yarn/lib/cli.js:87312:22)
      at Object.<anonymous> (/Users/geckodesigns/.yarn/lib/cli.js:87412:14)
